<?xml version="1.0" encoding="UTF-8"?>
<!-- Generated by org.testng.reporters.JUnitReportReporter -->
<testsuite hostname="DESKTOP-NF4EIA6" failures="0" tests="1" name="testcases.TC_005_AddToCartPage" time="2.256" errors="0" timestamp="2024-02-21T15:48:56 EST" skipped="0">
  <testcase classname="testcases.TC_005_AddToCartPage" name="verify_AddToCart" time="2.256"/>
</testsuite> <!-- testcases.TC_005_AddToCartPage -->
