<?xml version="1.0" encoding="UTF-8"?>
<!-- Generated by org.testng.reporters.JUnitReportReporter -->
<testsuite hostname="DESKTOP-NF4EIA6" failures="0" tests="1" name="testcases.TC_002_LoginTest" time="1.913" errors="0" timestamp="2024-02-21T15:54:05 EST" skipped="0">
  <testcase classname="testcases.TC_002_LoginTest" name="verify_Login" time="1.913"/>
</testsuite> <!-- testcases.TC_002_LoginTest -->
